[debug] [2021-01-24T15:31:30.429Z] ----------------------------------------------------------------------
[debug] [2021-01-24T15:31:30.437Z] Command:       C:\Program Files\nodejs\node.exe C:\Users\Jomir Hossain\AppData\Roaming\npm\node_modules\firebase-tools\lib\bin\firebase.js deploy
[debug] [2021-01-24T15:31:30.438Z] CLI Version:   9.2.2
[debug] [2021-01-24T15:31:30.439Z] Platform:      win32
[debug] [2021-01-24T15:31:30.439Z] Node Version:  v12.16.1
[debug] [2021-01-24T15:31:30.489Z] Time:          Sun Jan 24 2021 21:31:30 GMT+0600 (Bangladesh Standard Time)
[debug] [2021-01-24T15:31:30.490Z] ----------------------------------------------------------------------
[debug] [2021-01-24T15:31:30.491Z] 
[debug] [2021-01-24T15:31:30.550Z] > command requires scopes: ["email","openid","https://www.googleapis.com/auth/cloudplatformprojects.readonly","https://www.googleapis.com/auth/firebase","https://www.googleapis.com/auth/cloud-platform"]
[debug] [2021-01-24T15:31:30.552Z] > authorizing via signed-in user
[debug] [2021-01-24T15:31:30.553Z] [iam] checking project travel-guru-travel for permissions ["firebase.projects.get","firebasehosting.sites.update"]
[debug] [2021-01-24T15:31:30.559Z] > refreshing access token with scopes: ["email","https://www.googleapis.com/auth/cloud-platform","https://www.googleapis.com/auth/cloudplatformprojects.readonly","https://www.googleapis.com/auth/firebase","openid"]
[debug] [2021-01-24T15:31:30.559Z] >>> HTTP REQUEST POST https://www.googleapis.com/oauth2/v3/token  
 <request body omitted>
[debug] [2021-01-24T15:31:32.136Z] <<< HTTP RESPONSE 200 {"cache-control":"no-cache, no-store, max-age=0, must-revalidate","expires":"Mon, 01 Jan 1990 00:00:00 GMT","pragma":"no-cache","date":"Sun, 24 Jan 2021 15:31:31 GMT","content-type":"application/json; charset=utf-8","vary":"X-Origin, Referer, Origin,Accept-Encoding","server":"scaffolding on HTTPServer2","x-xss-protection":"0","x-frame-options":"SAMEORIGIN","x-content-type-options":"nosniff","alt-svc":"h3-29=\":443\"; ma=2592000,h3-T051=\":443\"; ma=2592000,h3-Q050=\":443\"; ma=2592000,h3-Q046=\":443\"; ma=2592000,h3-Q043=\":443\"; ma=2592000,quic=\":443\"; ma=2592000; v=\"46,43\"","accept-ranges":"none","transfer-encoding":"chunked"}
[debug] [2021-01-24T15:31:32.182Z] >>> HTTP REQUEST POST https://cloudresourcemanager.googleapis.com/v1/projects/travel-guru-travel:testIamPermissions  
 {"permissions":["firebase.projects.get","firebasehosting.sites.update"]}
[debug] [2021-01-24T15:31:37.619Z] <<< HTTP RESPONSE 200 {"content-type":"application/json; charset=UTF-8","vary":"X-Origin, Referer, Origin,Accept-Encoding","date":"Sun, 24 Jan 2021 15:31:36 GMT","server":"ESF","cache-control":"private","x-xss-protection":"0","x-frame-options":"SAMEORIGIN","x-content-type-options":"nosniff","server-timing":"gfet4t7; dur=1052","alt-svc":"h3-29=\":443\"; ma=2592000,h3-T051=\":443\"; ma=2592000,h3-Q050=\":443\"; ma=2592000,h3-Q046=\":443\"; ma=2592000,h3-Q043=\":443\"; ma=2592000,quic=\":443\"; ma=2592000; v=\"46,43\"","accept-ranges":"none","transfer-encoding":"chunked"}
[debug] [2021-01-24T15:31:37.624Z] > refreshing access token with scopes: []
[debug] [2021-01-24T15:31:37.625Z] >>> HTTP REQUEST POST https://www.googleapis.com/oauth2/v3/token  
 <request body omitted>
[debug] [2021-01-24T15:31:39.108Z] <<< HTTP RESPONSE 200 {"expires":"Mon, 01 Jan 1990 00:00:00 GMT","date":"Sun, 24 Jan 2021 15:31:37 GMT","cache-control":"no-cache, no-store, max-age=0, must-revalidate","pragma":"no-cache","content-type":"application/json; charset=utf-8","vary":"X-Origin, Referer, Origin,Accept-Encoding","server":"scaffolding on HTTPServer2","x-xss-protection":"0","x-frame-options":"SAMEORIGIN","x-content-type-options":"nosniff","alt-svc":"h3-29=\":443\"; ma=2592000,h3-T051=\":443\"; ma=2592000,h3-Q050=\":443\"; ma=2592000,h3-Q046=\":443\"; ma=2592000,h3-Q043=\":443\"; ma=2592000,quic=\":443\"; ma=2592000; v=\"46,43\"","accept-ranges":"none","transfer-encoding":"chunked"}
[debug] [2021-01-24T15:31:39.149Z] >>> [apiv2][query] GET https://firebase.googleapis.com/v1beta1/projects/travel-guru-travel [none]
[debug] [2021-01-24T15:31:41.062Z] <<< [apiv2][status] GET https://firebase.googleapis.com/v1beta1/projects/travel-guru-travel 200
[debug] [2021-01-24T15:31:41.062Z] <<< [apiv2][body] GET https://firebase.googleapis.com/v1beta1/projects/travel-guru-travel {"projectId":"travel-guru-travel","projectNumber":"660924457359","displayName":"travel-guru","name":"projects/travel-guru-travel","resources":{"hostingSite":"travel-guru-travel"},"state":"ACTIVE"}
[info] 
[info] === Deploying to 'travel-guru-travel'...
[info] 
[info] i  deploying hosting 
[debug] [2021-01-24T15:31:41.124Z] > refreshing access token with scopes: ["email","https://www.googleapis.com/auth/cloud-platform","https://www.googleapis.com/auth/cloudplatformprojects.readonly","https://www.googleapis.com/auth/firebase","openid"]
[debug] [2021-01-24T15:31:41.125Z] >>> HTTP REQUEST POST https://www.googleapis.com/oauth2/v3/token  
 <request body omitted>
[debug] [2021-01-24T15:31:42.650Z] <<< HTTP RESPONSE 200 {"date":"Sun, 24 Jan 2021 15:31:41 GMT","expires":"Mon, 01 Jan 1990 00:00:00 GMT","cache-control":"no-cache, no-store, max-age=0, must-revalidate","pragma":"no-cache","content-type":"application/json; charset=utf-8","vary":"X-Origin, Referer, Origin,Accept-Encoding","server":"scaffolding on HTTPServer2","x-xss-protection":"0","x-frame-options":"SAMEORIGIN","x-content-type-options":"nosniff","alt-svc":"h3-29=\":443\"; ma=2592000,h3-T051=\":443\"; ma=2592000,h3-Q050=\":443\"; ma=2592000,h3-Q046=\":443\"; ma=2592000,h3-Q043=\":443\"; ma=2592000,quic=\":443\"; ma=2592000; v=\"46,43\"","accept-ranges":"none","transfer-encoding":"chunked"}
[debug] [2021-01-24T15:31:42.695Z] >>> HTTP REQUEST POST https://firebasehosting.googleapis.com/v1beta1/sites/travel-guru-travel/versions  
 {"config":{"rewrites":[{"glob":"**","path":"/index.html"}]},"labels":{"deployment-tool":"cli-firebase"}}
[debug] [2021-01-24T15:31:46.069Z] <<< HTTP RESPONSE 200 {"content-type":"application/json; charset=UTF-8","vary":"X-Origin, Referer, Origin,Accept-Encoding","date":"Sun, 24 Jan 2021 15:31:44 GMT","server":"ESF","cache-control":"private","x-xss-protection":"0","x-frame-options":"SAMEORIGIN","x-content-type-options":"nosniff","alt-svc":"h3-29=\":443\"; ma=2592000,h3-T051=\":443\"; ma=2592000,h3-Q050=\":443\"; ma=2592000,h3-Q046=\":443\"; ma=2592000,h3-Q043=\":443\"; ma=2592000,quic=\":443\"; ma=2592000; v=\"46,43\"","accept-ranges":"none","transfer-encoding":"chunked"}
[info] i  hosting[travel-guru-travel]: beginning deploy... 
[info] i  hosting[travel-guru-travel]: found 22 files in build 
[debug] [2021-01-24T15:31:46.119Z] [hosting] hash cache [YnVpbGQ] not populated
[debug] [2021-01-24T15:31:46.834Z] > refreshing access token with scopes: []
[debug] [2021-01-24T15:31:46.834Z] >>> HTTP REQUEST POST https://www.googleapis.com/oauth2/v3/token  
 <request body omitted>
[debug] [2021-01-24T15:31:46.874Z] [hosting] hash cache [YnVpbGQ] stored for 22 files
[debug] [2021-01-24T15:31:46.875Z] [hosting][hash queue][FINAL] {"max":696,"min":70,"avg":142.13636363636363,"active":0,"complete":22,"success":22,"errored":0,"retried":0,"total":22,"elapsed":755}
[debug] [2021-01-24T15:31:48.048Z] <<< HTTP RESPONSE 200 {"cache-control":"no-cache, no-store, max-age=0, must-revalidate","date":"Sun, 24 Jan 2021 15:31:47 GMT","pragma":"no-cache","expires":"Mon, 01 Jan 1990 00:00:00 GMT","content-type":"application/json; charset=utf-8","vary":"X-Origin, Referer, Origin,Accept-Encoding","server":"scaffolding on HTTPServer2","x-xss-protection":"0","x-frame-options":"SAMEORIGIN","x-content-type-options":"nosniff","alt-svc":"h3-29=\":443\"; ma=2592000,h3-T051=\":443\"; ma=2592000,h3-Q050=\":443\"; ma=2592000,h3-Q046=\":443\"; ma=2592000,h3-Q043=\":443\"; ma=2592000,quic=\":443\"; ma=2592000; v=\"46,43\"","accept-ranges":"none","transfer-encoding":"chunked"}
[debug] [2021-01-24T15:31:48.094Z] >>> [apiv2][query] POST https://firebasehosting.googleapis.com/v1beta1/sites/travel-guru-travel/versions/659d0c4cd20a539e:populateFiles [none]
[debug] [2021-01-24T15:31:48.094Z] >>> [apiv2][body] POST https://firebasehosting.googleapis.com/v1beta1/sites/travel-guru-travel/versions/659d0c4cd20a539e:populateFiles {"files":{"/asset-manifest.json":"f001ab7a0e4a5c7cc4ecf50cf3615d7187d59a3772912d2c1d9effc7e346efa2","/index.html":"59eabe013cb1d2dd908f8b70d55a534caee82b0694da8f36d543e46d65fe8706","/manifest.json":"aff3449bdc238776f5d6d967f19ec491b36aed5fb7f23ccff6500736fd58494a","/robots.txt":"bfe106a3fb878dc83461c86818bf74fc1bdc7f28538ba613cd3e775516ce8b49","/static/css/main.819cf896.chunk.css.map":"c85196a76715d33d5da00630e45d975a69d89b52c4ac3dd841b3aa6311bd25c3","/static/js/2.8317d1cd.chunk.js.LICENSE.txt":"eb9c5785a92a07cf66a9c499ced56590c1f245aca0689db256a0a2a9eeea585a","/static/js/3.1fe02c78.chunk.js":"2f6306cc443d1c4802eef5f83ed4e83d085bc42f00852106c8505b6ce2ef45a0","/static/js/3.1fe02c78.chunk.js.map":"37592974d713daa1c0065fa03103f089a66eb76e674041f22512359aaf8b86d6","/static/js/main.bf7d98d6.chunk.js":"aa9218784206e546c04b9df40698d754c8518d5771fbff2109fd66864ac7e7b2","/static/js/runtime-main.14ac7560.js":"9e754ad854a3dab8ce1556ad5862041ad659e039d337fe95728647d11f963f8a","/static/js/runtime-main.14ac7560.js.map":"318cc293e6dfec8f8f17df51296101a826216b0f672158ceba92b7a2a7209ddd","/static/css/main.819cf896.chunk.css":"6f6c798caf11d7dabd3494a0c4bea3ef607793d5380d52787b02bdc23095543b","/favicon.ico":"eae62e993eb980ec8a25058c39d5a51feab118bd2100c4deebb2a9c158ec11f9","/logo192.png":"3ee59515172ee198f3be375979df15ac5345183e656720a381b8872b2a39dc8b","/static/media/Logo.17f5ca72.png":"5030e9cc56fba9e9d48994039499d5ab8f2f14b347284829ac19e58bfb2f5aa8","/logo512.png":"ee7e2f3fdb8209c4b6fd7bef6ba50d1b9dba30a25bb5c3126df057e1cb6f5331","/static/js/main.bf7d98d6.chunk.js.map":"d40f930e817e8c83a66bd719dad310bdd16965ff62d762ba789dfd0ef3fec13c","/static/css/2.e265b2ea.chunk.css":"d4ee36e9c7a1a5b23d1888e093617e138a39a69e015591f1794b8c8767777709","/static/css/2.e265b2ea.chunk.css.map":"d29a5f13ad3379fa4941f1e74bda05b9b36833c3705c991fb2eb2cdba2e50293","/static/js/2.8317d1cd.chunk.js":"622d0a29dc5ff89aa28a7288c19eb310171ec076408ee7bd4ce79a74a682ddd7","/static/media/Rectangle1.aaab8179.png":"909897a8a15c7619da4468ff74eb59eb779440b3eb46ef7670102034f9d81551","/static/js/2.8317d1cd.chunk.js.map":"62d07bb270ca67dba75a2a0a1793fa4c86259d605070ce4a630a5877e3374cc7"}}
[debug] [2021-01-24T15:31:51.378Z] <<< [apiv2][status] POST https://firebasehosting.googleapis.com/v1beta1/sites/travel-guru-travel/versions/659d0c4cd20a539e:populateFiles 200
[debug] [2021-01-24T15:31:51.378Z] <<< [apiv2][body] POST https://firebasehosting.googleapis.com/v1beta1/sites/travel-guru-travel/versions/659d0c4cd20a539e:populateFiles {"uploadRequiredHashes":["909897a8a15c7619da4468ff74eb59eb779440b3eb46ef7670102034f9d81551"],"uploadUrl":"https://upload-firebasehosting.googleapis.com/upload/sites/travel-guru-travel/versions/659d0c4cd20a539e/files"}
[debug] [2021-01-24T15:31:51.382Z] >>> [apiv2][query] POST https://upload-firebasehosting.googleapis.com/upload/sites/travel-guru-travel/versions/659d0c4cd20a539e/files/909897a8a15c7619da4468ff74eb59eb779440b3eb46ef7670102034f9d81551 [none]
[debug] [2021-01-24T15:31:51.383Z] >>> [apiv2][body] POST https://upload-firebasehosting.googleapis.com/upload/sites/travel-guru-travel/versions/659d0c4cd20a539e/files/909897a8a15c7619da4468ff74eb59eb779440b3eb46ef7670102034f9d81551 [stream]
[debug] [2021-01-24T15:31:51.390Z] [hosting][populate queue][FINAL] {"max":4548,"min":4548,"avg":4548,"active":0,"complete":1,"success":1,"errored":0,"retried":0,"total":1,"elapsed":4556}
[debug] [2021-01-24T15:31:51.391Z] [hosting] uploads queued: 1
[debug] [2021-01-24T15:34:27.187Z] [uploadQueue] Retrying task 909897a8a15c7619da4468ff74eb59eb779440b3eb46ef7670102034f9d81551
[debug] [2021-01-24T15:34:27.188Z] >>> [apiv2][query] POST https://upload-firebasehosting.googleapis.com/upload/sites/travel-guru-travel/versions/659d0c4cd20a539e/files/909897a8a15c7619da4468ff74eb59eb779440b3eb46ef7670102034f9d81551 [none]
[debug] [2021-01-24T15:34:27.188Z] >>> [apiv2][body] POST https://upload-firebasehosting.googleapis.com/upload/sites/travel-guru-travel/versions/659d0c4cd20a539e/files/909897a8a15c7619da4468ff74eb59eb779440b3eb46ef7670102034f9d81551 [stream]
